<?xml version="1.0" encoding="UTF-8"?>
<testng-results skipped="0" failed="0" ignored="0" total="1" passed="1">
  <reporter-output>
  </reporter-output>
  <suite name="Suite" duration-ms="16792" started-at="2019-03-25T08:13:17Z" finished-at="2019-03-25T08:13:34Z">
    <groups>
    </groups>
    <test name="Test" duration-ms="16792" started-at="2019-03-25T08:13:17Z" finished-at="2019-03-25T08:13:34Z">
      <class name="TestCases">
        <test-method status="PASS" signature="launchApp()[pri:0, instance:TestCases@edf4efb]" name="launchApp" duration-ms="16767" started-at="2019-03-25T08:13:17Z" finished-at="2019-03-25T08:13:34Z">
          <reporter-output>
          </reporter-output>
        </test-method> <!-- launchApp -->
      </class> <!-- TestCases -->
    </test> <!-- Test -->
  </suite> <!-- Suite -->
</testng-results>
