<?xml version="1.0" encoding="UTF-8"?>
<testng-results skipped="0" failed="0" ignored="0" total="1" passed="1">
  <reporter-output>
  </reporter-output>
  <suite name="Default suite" duration-ms="11194" started-at="2019-04-03T06:39:13Z" finished-at="2019-04-03T06:39:24Z">
    <groups>
    </groups>
    <test name="Default test" duration-ms="11194" started-at="2019-04-03T06:39:13Z" finished-at="2019-04-03T06:39:24Z">
      <class name="TestCases">
        <test-method status="PASS" signature="launchApp()[pri:0, instance:TestCases@4cc0edeb]" name="launchApp" duration-ms="11123" started-at="2019-04-03T06:39:13Z" finished-at="2019-04-03T06:39:24Z">
          <reporter-output>
          </reporter-output>
        </test-method> <!-- launchApp -->
      </class> <!-- TestCases -->
    </test> <!-- Default test -->
  </suite> <!-- Default suite -->
</testng-results>
